<?xml version="1.0" encoding="UTF-8"?>
<coverage generated="1664216905308" clover="3.2.0">
  <project timestamp="1664216905308" name="All files">
    <metrics statements="68" coveredstatements="68" conditionals="8" coveredconditionals="8" methods="16" coveredmethods="16" elements="92" coveredelements="92" complexity="0" loc="68" ncloc="68" packages="3" files="3" classes="3"/>
    <package name="controllers">
      <metrics statements="25" coveredstatements="25" conditionals="1" coveredconditionals="1" methods="7" coveredmethods="7"/>
      <file name="recommendationController.ts" path="/home/cwebks/Documentos/Driven/projeto21-singmeasong/back-end/src/controllers/recommendationController.ts">
        <metrics statements="25" coveredstatements="25" conditionals="1" coveredconditionals="1" methods="7" coveredmethods="7"/>
        <line num="2" count="1" type="stmt"/>
        <line num="3" count="1" type="stmt"/>
        <line num="4" count="1" type="stmt"/>
        <line num="7" count="3" type="stmt"/>
        <line num="8" count="3" type="cond" truecount="1" falsecount="0"/>
        <line num="9" count="1" type="stmt"/>
        <line num="12" count="2" type="stmt"/>
        <line num="14" count="1" type="stmt"/>
        <line num="18" count="2" type="stmt"/>
        <line num="20" count="2" type="stmt"/>
        <line num="22" count="1" type="stmt"/>
        <line num="26" count="4" type="stmt"/>
        <line num="28" count="4" type="stmt"/>
        <line num="30" count="2" type="stmt"/>
        <line num="34" count="2" type="stmt"/>
        <line num="36" count="1" type="stmt"/>
        <line num="40" count="2" type="stmt"/>
        <line num="41" count="2" type="stmt"/>
        <line num="45" count="2" type="stmt"/>
        <line num="47" count="2" type="stmt"/>
        <line num="48" count="2" type="stmt"/>
        <line num="52" count="2" type="stmt"/>
        <line num="54" count="2" type="stmt"/>
        <line num="55" count="1" type="stmt"/>
        <line num="58" count="1" type="stmt"/>
      </file>
    </package>
    <package name="routers">
      <metrics statements="11" coveredstatements="11" conditionals="0" coveredconditionals="0" methods="0" coveredmethods="0"/>
      <file name="recommendationRouter.ts" path="/home/cwebks/Documentos/Driven/projeto21-singmeasong/back-end/src/routers/recommendationRouter.ts">
        <metrics statements="11" coveredstatements="11" conditionals="0" coveredconditionals="0" methods="0" coveredmethods="0"/>
        <line num="1" count="1" type="stmt"/>
        <line num="2" count="1" type="stmt"/>
        <line num="4" count="1" type="stmt"/>
        <line num="6" count="1" type="stmt"/>
        <line num="7" count="1" type="stmt"/>
        <line num="8" count="1" type="stmt"/>
        <line num="9" count="1" type="stmt"/>
        <line num="10" count="1" type="stmt"/>
        <line num="11" count="1" type="stmt"/>
        <line num="12" count="1" type="stmt"/>
        <line num="14" count="1" type="stmt"/>
      </file>
    </package>
    <package name="services">
      <metrics statements="32" coveredstatements="32" conditionals="7" coveredconditionals="7" methods="9" coveredmethods="9"/>
      <file name="recommendationsService.ts" path="/home/cwebks/Documentos/Driven/projeto21-singmeasong/back-end/src/services/recommendationsService.ts">
        <metrics statements="32" coveredstatements="32" conditionals="7" coveredconditionals="7" methods="9" coveredmethods="9"/>
        <line num="2" count="2" type="stmt"/>
        <line num="3" count="2" type="stmt"/>
        <line num="8" count="4" type="stmt"/>
        <line num="11" count="4" type="cond" truecount="1" falsecount="0"/>
        <line num="12" count="2" type="stmt"/>
        <line num="14" count="2" type="stmt"/>
        <line num="18" count="4" type="stmt"/>
        <line num="20" count="2" type="stmt"/>
        <line num="24" count="7" type="stmt"/>
        <line num="26" count="4" type="stmt"/>
        <line num="31" count="4" type="cond" truecount="1" falsecount="0"/>
        <line num="32" count="2" type="stmt"/>
        <line num="37" count="13" type="stmt"/>
        <line num="38" count="13" type="cond" truecount="1" falsecount="0"/>
        <line num="40" count="7" type="stmt"/>
        <line num="44" count="3" type="stmt"/>
        <line num="48" count="3" type="stmt"/>
        <line num="52" count="6" type="stmt"/>
        <line num="53" count="6" type="stmt"/>
        <line num="55" count="6" type="stmt"/>
        <line num="56" count="6" type="cond" truecount="1" falsecount="0"/>
        <line num="57" count="2" type="stmt"/>
        <line num="60" count="4" type="stmt"/>
        <line num="61" count="4" type="stmt"/>
        <line num="65" count="6" type="stmt"/>
        <line num="70" count="6" type="cond" truecount="1" falsecount="0"/>
        <line num="71" count="4" type="stmt"/>
        <line num="74" count="2" type="stmt"/>
        <line num="78" count="6" type="cond" truecount="2" falsecount="0"/>
        <line num="79" count="3" type="stmt"/>
        <line num="82" count="3" type="stmt"/>
        <line num="85" count="2" type="stmt"/>
      </file>
    </package>
  </project>
</coverage>
