TN:
SF:src/controllers/recommendationController.ts
FN:6,insert
FN:17,upvote
FN:25,downvote
FN:33,random
FN:39,get
FN:44,getTop
FN:51,getById
FNF:7
FNH:7
FNDA:3,insert
FNDA:2,upvote
FNDA:4,downvote
FNDA:2,random
FNDA:2,get
FNDA:2,getTop
FNDA:2,getById
DA:2,1
DA:3,1
DA:4,1
DA:7,3
DA:8,3
DA:9,1
DA:12,2
DA:14,1
DA:18,2
DA:20,2
DA:22,1
DA:26,4
DA:28,4
DA:30,2
DA:34,2
DA:36,1
DA:40,2
DA:41,2
DA:45,2
DA:47,2
DA:48,2
DA:52,2
DA:54,2
DA:55,1
DA:58,1
LF:25
LH:25
BRDA:8,0,0,1
BRF:1
BRH:1
end_of_record
TN:
SF:src/routers/recommendationRouter.ts
FNF:0
FNH:0
DA:1,1
DA:2,1
DA:4,1
DA:6,1
DA:7,1
DA:8,1
DA:9,1
DA:10,1
DA:11,1
DA:12,1
DA:14,1
LF:11
LH:11
BRF:0
BRH:0
end_of_record
TN:
SF:src/services/recommendationsService.ts
FN:7,insert
FN:17,upvote
FN:23,downvote
FN:36,getByIdOrFail
FN:43,get
FN:47,getTop
FN:51,getRandom
FN:64,getByScore
FN:77,getScoreFilter
FNF:9
FNH:9
FNDA:4,insert
FNDA:4,upvote
FNDA:7,downvote
FNDA:13,getByIdOrFail
FNDA:3,get
FNDA:3,getTop
FNDA:6,getRandom
FNDA:6,getByScore
FNDA:6,getScoreFilter
DA:2,2
DA:3,2
DA:8,4
DA:11,4
DA:12,2
DA:14,2
DA:18,4
DA:20,2
DA:24,7
DA:26,4
DA:31,4
DA:32,2
DA:37,13
DA:38,13
DA:40,7
DA:44,3
DA:48,3
DA:52,6
DA:53,6
DA:55,6
DA:56,6
DA:57,2
DA:60,4
DA:61,4
DA:65,6
DA:70,6
DA:71,4
DA:74,2
DA:78,6
DA:79,3
DA:82,3
DA:85,2
LF:32
LH:32
BRDA:11,0,0,2
BRDA:31,1,0,2
BRDA:38,2,0,6
BRDA:56,3,0,2
BRDA:70,4,0,4
BRDA:78,5,0,3
BRDA:78,5,1,3
BRF:7
BRH:7
end_of_record
